<?xml version="1.0" encoding="UTF-8"?>
<testng-results skipped="0" failed="0" ignored="0" total="2" passed="2">
  <reporter-output>
  </reporter-output>
  <suite name="Command line suite" duration-ms="118984" started-at="2025-04-04T07:52:26Z" finished-at="2025-04-04T07:54:25Z">
    <groups>
    </groups>
    <test name="Command line test" duration-ms="118984" started-at="2025-04-04T07:52:26Z" finished-at="2025-04-04T07:54:25Z">
      <class name="Utility.Report">
        <test-method status="PASS" signature="startReport()[pri:0, instance:Utility.Report@57f23557]" name="startReport" is-config="true" duration-ms="375" started-at="2025-04-04T07:52:26Z" finished-at="2025-04-04T07:52:26Z">
          <reporter-output>
          </reporter-output>
        </test-method> <!-- startReport -->
        <test-method status="PASS" signature="Launch_Browser()[pri:1, instance:Utility.Report@57f23557]" name="Launch_Browser" duration-ms="85582" started-at="2025-04-04T07:52:26Z" finished-at="2025-04-04T07:53:52Z">
          <reporter-output>
          </reporter-output>
        </test-method> <!-- Launch_Browser -->
        <test-method status="PASS" signature="openBrowser()[pri:0, instance:Utility.Report@57f23557]" name="openBrowser" is-config="true" duration-ms="0" started-at="2025-04-04T07:52:26Z" finished-at="2025-04-04T07:52:26Z">
          <reporter-output>
          </reporter-output>
        </test-method> <!-- openBrowser -->
        <test-method status="PASS" signature="result(org.testng.ITestResult)[pri:0, instance:Utility.Report@57f23557]" name="result" is-config="true" duration-ms="1125" started-at="2025-04-04T07:53:52Z" finished-at="2025-04-04T07:53:53Z">
          <params>
            <param index="0">
              <value>
                <![CDATA[[TestResult name=Launch_Browser status=SUCCESS method=Report.Launch_Browser()[pri:1, instance:Utility.Report@57f23557] output={null}]]]>
              </value>
            </param>
          </params>
          <reporter-output>
          </reporter-output>
        </test-method> <!-- result -->
        <test-method status="PASS" signature="openBrowser()[pri:0, instance:Utility.Report@57f23557]" name="openBrowser" is-config="true" duration-ms="0" started-at="2025-04-04T07:53:53Z" finished-at="2025-04-04T07:53:53Z">
          <reporter-output>
          </reporter-output>
        </test-method> <!-- openBrowser -->
        <test-method status="PASS" signature="team_activity_analytics_report()[pri:2, instance:Utility.Report@57f23557]" name="team_activity_analytics_report" duration-ms="30735" started-at="2025-04-04T07:53:53Z" finished-at="2025-04-04T07:54:24Z">
          <reporter-output>
          </reporter-output>
        </test-method> <!-- team_activity_analytics_report -->
        <test-method status="PASS" signature="result(org.testng.ITestResult)[pri:0, instance:Utility.Report@57f23557]" name="result" is-config="true" duration-ms="363" started-at="2025-04-04T07:54:24Z" finished-at="2025-04-04T07:54:24Z">
          <params>
            <param index="0">
              <value>
                <![CDATA[[TestResult name=team_activity_analytics_report status=SUCCESS method=Report.team_activity_analytics_report()[pri:2, instance:Utility.Report@57f23557] output={null}]]]>
              </value>
            </param>
          </params>
          <reporter-output>
          </reporter-output>
        </test-method> <!-- result -->
        <test-method status="PASS" signature="endReport()[pri:0, instance:Utility.Report@57f23557]" name="endReport" is-config="true" duration-ms="773" started-at="2025-04-04T07:54:24Z" finished-at="2025-04-04T07:54:25Z">
          <reporter-output>
          </reporter-output>
        </test-method> <!-- endReport -->
      </class> <!-- Utility.Report -->
    </test> <!-- Command line test -->
  </suite> <!-- Command line suite -->
</testng-results>
